* Checking for deprecated package usage... OK
* Checking for remote package usage... OK
* Checking for 'LazyData: true' usage... OK
* Checking version number... OK
* Checking version number validity... OK
* Checking R version dependency... OK
* Checking package size... OK
* Checking individual file sizes... OK
* Checking biocViews... OK
* Checking that biocViews are present... OK
* Checking package type based on biocViews... OK
* Checking for non-trivial biocViews... OK
* Checking that biocViews come from the same category... OK
* Checking biocViews validity... OK
* Checking for recommended biocViews... OK
* Checking build system compatibility... OK
* Checking for blank lines in DESCRIPTION... OK
* Checking if DESCRIPTION is well formatted... OK
* Checking for proper Description: field... OK
* Checking for whitespace in DESCRIPTION field names... OK
* Checking that Package field matches directory/tarball name... OK
* Checking for Version field... OK
* Checking for valid maintainer...
* NOTE: Consider adding the maintainer's ORCID iD in 'Authors@R' with 'comment=c(ORCID="...")'
* Checking License: for restrictive use... OK
* Checking for pinned package versions... OK
* Checking DESCRIPTION/NAMESPACE consistency... OK
* Checking .Rbuildignore... OK
* Checking for stray BiocCheck output folders...
* ERROR: Remove 'CBNplot.BiocCheck' from the package directory
* Checking vignette directory... OK
* Checking package installation calls in R code... OK
* Checking for library/require of CBNplot... OK
* Checking coding practice... OK
* Checking parsed R code in R directory, examples, vignettes... OK
* Checking function lengths...
* NOTE: The recommended function length is 50 lines or less. There are 37 functions greater than 50 lines.
The longest 5 functions are:
bngeneplot() (R/bngeneplot.R): 601 lines
bnpathplot() (R/bnpathplot.R): 478 lines
bnpathplotCustom() (R/bnpathplotCustom.R): 375 lines
bngeneplotCustom() (R/bngeneplotCustom.R): 366 lines
queryCpDistLs() (R/utilities.R):  87 lines
* Checking man page documentation... OK
* Checking package NEWS... OK
* Checking unit tests... OK
* Checking skip_on_bioc() in tests... OK
* Checking formatting of DESCRIPTION, NAMESPACE, man pages, R source, and vignette source...
* NOTE: Consider shorter lines; 13 lines (0%) are > 80 characters long.
First few lines:
man/CBNplot-package.Rd#L  7 \title{CBNplot: plot bayesian network in...
man/CBNplot-package.Rd#L  9 This package provides the visualization ...
vignettes/CBNplot_basic_usage.Rmd#L 15 The R package to infer and plot Bayesian...
vignettes/CBNplot_basic_usage.Rmd#L 24 ```{r deg, include=TRUE, echo=TRUE, mess...
vignettes/CBNplot_basic_usage.Rmd#L 68 Then use CBNplot. Basically, you need to...
vignettes/CBNplot_basic_usage.Rmd#L 70 ```{r usecase, include=TRUE, echo=TRUE, ...
vignettes/CBNplot_basic_usage.Rmd#L 75 Data frame of raw values used in the inf...
vignettes/CBNplot_basic_usage.Rmd#L 76 ```{r usecase2, include=TRUE, echo=TRUE,...
vignettes/CBNplot_basic_usage.Rmd#L 84 The relationship between pathways can be...
vignettes/CBNplot_basic_usage.Rmd#L 86 ```{r usecase3, include=TRUE, echo=TRUE,...
vignettes/CBNplot_basic_usage.Rmd#L 93 `bngeneplotCustom` and `bnpathplotCustom...
vignettes/CBNplot_basic_usage.Rmd#L 95 ```{r usecase4, include=TRUE, echo=TRUE,...
vignettes/CBNplot_basic_usage.Rmd#L102 The detailed usage for the package, like...
* NOTE: Consider 4 spaces instead of tabs; 2 lines (0%) contain tabs.
First few lines:
man/CBNplot-package.Rd#L18 									for the gene network....
man/CBNplot-package.Rd#L20 									for the pathway network....
* NOTE: Consider multiples of 4 spaces for line indents; 250 lines (6%) are not.
First few lines:
man/bngeneplot.Rd#L  8   results,...
man/bngeneplot.Rd#L  9   exp,...
man/bngeneplot.Rd#L 10   expSample = NULL,...
man/bngeneplot.Rd#L 11   algo = "hc",...
man/bngeneplot.Rd#L 12   R = 20,...
man/bngeneplot.Rd#L 13   returnNet = FALSE,...
man/bngeneplot.Rd#L 14   algorithm.args = NULL,...
man/bngeneplot.Rd#L 15   bypassConverting = FALSE,...
man/bngeneplot.Rd#L 16   pathNum = NULL,...
man/bngeneplot.Rd#L 17   convertSymbol = TRUE,...
man/bngeneplot.Rd#L 18   expRow = "ENSEMBL",...
man/bngeneplot.Rd#L 19   interactive = FALSE,...
man/bngeneplot.Rd#L 20   cexCategory = 1,...
man/bngeneplot.Rd#L 21   cl = NULL,...
man/bngeneplot.Rd#L 22   showDir = FALSE,...
man/bngeneplot.Rd#L 23   chooseDir = FALSE,...
man/bngeneplot.Rd#L 24   scoreType = "bic-g",...
man/bngeneplot.Rd#L 25   labelSize = 4,...
man/bngeneplot.Rd#L 26   layout = "nicely",...
man/bngeneplot.Rd#L 27   clusterAlpha = 0.2,...
man/bngeneplot.Rd#L 28   strType = "normal",...
man/bngeneplot.Rd#L 29   delZeroDegree = TRUE,...
man/bngeneplot.Rd#L 30   otherVar = NULL,...
man/bngeneplot.Rd#L 31   otherVarName = NULL,...
man/bngeneplot.Rd#L 32   onlyDf = FALSE,...
man/bngeneplot.Rd#L 33   disc = FALSE,...
man/bngeneplot.Rd#L 34   tr = NULL,...
man/bngeneplot.Rd#L 35   remainCont = NULL,...
man/bngeneplot.Rd#L 36   sp = "hsapiens",...
man/bngeneplot.Rd#L 37   compareRef = FALSE,...
man/bngeneplot.Rd#L 38   compareRefType = "intersection",...
man/bngeneplot.Rd#L 39   pathDb = "reactome",...
man/bngeneplot.Rd#L 40   dep = NULL,...
man/bngeneplot.Rd#L 41   depMeta = NULL,...
man/bngeneplot.Rd#L 42   sizeDep = FALSE,...
man/bngeneplot.Rd#L 43   showDepHist = TRUE,...
man/bngeneplot.Rd#L 44   cellLineName = "5637_URINARY_TRACT",...
man/bngeneplot.Rd#L 45   showLineage = FALSE,...
man/bngeneplot.Rd#L 46   orgDb = org.Hs.eg.db,...
man/bngeneplot.Rd#L 47   shadowText = TRUE,...
man/bngeneplot.Rd#L 48   bgColor = "white",...
man/bngeneplot.Rd#L 49   textColor = "black",...
man/bngeneplot.Rd#L 50   strengthPlot = FALSE,...
man/bngeneplot.Rd#L 51   nStrength = 10,...
man/bngeneplot.Rd#L 52   strThresh = NULL,...
man/bngeneplot.Rd#L 53   hub = NULL,...
man/bngeneplot.Rd#L 54   seed = 1,...
man/bngeneplot.Rd#L 55   useSiGN = FALSE...
man/bngeneplot.Rd#L 84  ordered by p-value)}...
man/bngeneplot.Rd#L184                   R = 10, convertSymbol ...
man/bngeneplotCustom.Rd#L  8   results,...
man/bngeneplotCustom.Rd#L  9   exp,...
man/bngeneplotCustom.Rd#L 10   expSample = NULL,...
man/bngeneplotCustom.Rd#L 11   algo = "hc",...
man/bngeneplotCustom.Rd#L 12   R = 20,...
man/bngeneplotCustom.Rd#L 13   pathNum = NULL,...
man/bngeneplotCustom.Rd#L 14   convertSymbol = TRUE,...
man/bngeneplotCustom.Rd#L 15   expRow = "ENSEMBL",...
man/bngeneplotCustom.Rd#L 16   interactive = FALSE,...
man/bngeneplotCustom.Rd#L 17   cexCategory = 1,...
man/bngeneplotCustom.Rd#L 18   cl = NULL,...
man/bngeneplotCustom.Rd#L 19   showDir = FALSE,...
man/bngeneplotCustom.Rd#L 20   chooseDir = FALSE,...
man/bngeneplotCustom.Rd#L 21   algorithm.args = NULL,...
man/bngeneplotCustom.Rd#L 22   labelSize = 4,...
man/bngeneplotCustom.Rd#L 23   layout = "nicely",...
man/bngeneplotCustom.Rd#L 24   strType = "normal",...
man/bngeneplotCustom.Rd#L 25   returnNet = FALSE,...
man/bngeneplotCustom.Rd#L 26   otherVar = NULL,...
man/bngeneplotCustom.Rd#L 27   otherVarName = NULL,...
man/bngeneplotCustom.Rd#L 28   onlyDf = FALSE,...
man/bngeneplotCustom.Rd#L 29   disc = FALSE,...
man/bngeneplotCustom.Rd#L 30   tr = NULL,...
man/bngeneplotCustom.Rd#L 31   remainCont = NULL,...
man/bngeneplotCustom.Rd#L 32   dep = NULL,...
man/bngeneplotCustom.Rd#L 33   sizeDep = FALSE,...
man/bngeneplotCustom.Rd#L 34   orgDb = org.Hs.eg.db,...
man/bngeneplotCustom.Rd#L 35   bypassConverting = FALSE,...
man/bngeneplotCustom.Rd#L 36   cellLineName = "5637_URINARY_TRACT",...
man/bngeneplotCustom.Rd#L 37   fontFamily = "sans",...
man/bngeneplotCustom.Rd#L 38   strengthPlot = FALSE,...
man/bngeneplotCustom.Rd#L 39   nStrength = 10,...
man/bngeneplotCustom.Rd#L 40   strThresh = NULL,...
man/bngeneplotCustom.Rd#L 41   hub = NULL,...
man/bngeneplotCustom.Rd#L 42   glowEdgeNum = NULL,...
man/bngeneplotCustom.Rd#L 43   nodePal = c("blue", "red"),...
man/bngeneplotCustom.Rd#L 44   edgePal = c("blue", "red"),...
man/bngeneplotCustom.Rd#L 45   textCol = "black",...
man/bngeneplotCustom.Rd#L 46   titleCol = "black",...
man/bngeneplotCustom.Rd#L 47   backCol = "white",...
man/bngeneplotCustom.Rd#L 48   barTextCol = "black",...
man/bngeneplotCustom.Rd#L 49   barPal = c("red", "blue"),...
man/bngeneplotCustom.Rd#L 50   barBackCol = "white",...
man/bngeneplotCustom.Rd#L 51   scoreType = "bic-g",...
man/bngeneplotCustom.Rd#L 52   barLegendKeyCol = "white",...
man/bngeneplotCustom.Rd#L 53   barAxisCol = "black",...
man/bngeneplotCustom.Rd#L 54   barPanelGridCol = "black",...
man/bngeneplotCustom.Rd#L 55   titleSize = 24,...
man/bngeneplotCustom.Rd#L 56   seed = 1...
man/bngenetest.Rd#L  8   results,...
man/bngenetest.Rd#L  9   exp,...
man/bngenetest.Rd#L 10   expSample = NULL,...
man/bngenetest.Rd#L 11   algo = "hc",...
man/bngenetest.Rd#L 12   Rrange = seq(2, 40, 2),...
man/bngenetest.Rd#L 13   cl = NULL,...
man/bngenetest.Rd#L 14   algorithm.args = NULL,...
man/bngenetest.Rd#L 15   pathNum = NULL,...
man/bngenetest.Rd#L 16   convertSymbol = TRUE,...
man/bngenetest.Rd#L 17   expRow = "ENSEMBL",...
man/bngenetest.Rd#L 18   scoreType = "aic-g",...
man/bngenetest.Rd#L 19   orgDb = org.Hs.eg.db,...
man/bngenetest.Rd#L 20   bypassConverting = FALSE...
man/bnpathplot.Rd#L  8   results,...
man/bnpathplot.Rd#L  9   exp,...
man/bnpathplot.Rd#L 10   expSample = NULL,...
man/bnpathplot.Rd#L 11   algo = "hc",...
man/bnpathplot.Rd#L 12   algorithm.args = NULL,...
man/bnpathplot.Rd#L 13   expRow = "ENSEMBL",...
man/bnpathplot.Rd#L 14   cl = NULL,...
man/bnpathplot.Rd#L 15   returnNet = FALSE,...
man/bnpathplot.Rd#L 16   otherVar = NULL,...
man/bnpathplot.Rd#L 17   otherVarName = NULL,...
man/bnpathplot.Rd#L 18   qvalueCutOff = 0.05,...
man/bnpathplot.Rd#L 19   adjpCutOff = 0.05,...
man/bnpathplot.Rd#L 20   nCategory = 15,...
man/bnpathplot.Rd#L 21   R = 20,...
man/bnpathplot.Rd#L 22   interactive = FALSE,...
man/bnpathplot.Rd#L 23   color = "p.adjust",...
man/bnpathplot.Rd#L 24   cexCategory = 1,...
man/bnpathplot.Rd#L 25   cexLine = 0.5,...
man/bnpathplot.Rd#L 26   chooseDir = FALSE,...
man/bnpathplot.Rd#L 27   showDir = FALSE,...
man/bnpathplot.Rd#L 28   delZeroDegree = TRUE,...
man/bnpathplot.Rd#L 29   labelSize = 4,...
man/bnpathplot.Rd#L 30   layout = "nicely",...
man/bnpathplot.Rd#L 31   onlyDf = FALSE,...
man/bnpathplot.Rd#L 32   disc = FALSE,...
man/bnpathplot.Rd#L 33   tr = NULL,...
man/bnpathplot.Rd#L 34   remainCont = NULL,...
man/bnpathplot.Rd#L 35   shadowText = TRUE,...
man/bnpathplot.Rd#L 36   bgColor = "white",...
man/bnpathplot.Rd#L 37   textColor = "black",...
man/bnpathplot.Rd#L 38   compareRef = FALSE,...
man/bnpathplot.Rd#L 39   strThresh = NULL,...
man/bnpathplot.Rd#L 40   strType = "normal",...
man/bnpathplot.Rd#L 41   hub = NULL,...
man/bnpathplot.Rd#L 42   scoreType = "bic-g",...
man/bnpathplot.Rd#L 43   databasePal = "Set2",...
man/bnpathplot.Rd#L 44   dep = NULL,...
man/bnpathplot.Rd#L 45   sizeDep = FALSE,...
man/bnpathplot.Rd#L 46   orgDb = org.Hs.eg.db,...
man/bnpathplot.Rd#L 47   bypassConverting = FALSE,...
man/bnpathplot.Rd#L 48   useSiGN = FALSE,...
man/bnpathplot.Rd#L 49   edgeLink = TRUE,...
man/bnpathplot.Rd#L 50   cellLineName = "5637_URINARY_TRACT",...
man/bnpathplot.Rd#L 51   strengthPlot = FALSE,...
man/bnpathplot.Rd#L 52   nStrength = 10,...
man/bnpathplot.Rd#L 53   seed = 1...
man/bnpathplot.Rd#L175                   R = 10, expRow = "ENSE...
man/bnpathplotCustom.Rd#L  8   results,...
man/bnpathplotCustom.Rd#L  9   exp,...
man/bnpathplotCustom.Rd#L 10   expSample = NULL,...
man/bnpathplotCustom.Rd#L 11   algo = "hc",...
man/bnpathplotCustom.Rd#L 12   R = 20,...
man/bnpathplotCustom.Rd#L 13   expRow = "ENSEMBL",...
man/bnpathplotCustom.Rd#L 14   color = "p.adjust",...
man/bnpathplotCustom.Rd#L 15   cexCategory = 1,...
man/bnpathplotCustom.Rd#L 16   cl = NULL,...
man/bnpathplotCustom.Rd#L 17   showDir = FALSE,...
man/bnpathplotCustom.Rd#L 18   chooseDir = FALSE,...
man/bnpathplotCustom.Rd#L 19   labelSize = 4,...
man/bnpathplotCustom.Rd#L 20   layout = "nicely",...
man/bnpathplotCustom.Rd#L 21   strType = "normal",...
man/bnpathplotCustom.Rd#L 22   compareRef = FALSE,...
man/bnpathplotCustom.Rd#L 23   disc = FALSE,...
man/bnpathplotCustom.Rd#L 24   tr = NULL,...
man/bnpathplotCustom.Rd#L 25   remainCont = NULL,...
man/bnpathplotCustom.Rd#L 26   qvalueCutOff = 0.05,...
man/bnpathplotCustom.Rd#L 27   adjpCutOff = 0.05,...
man/bnpathplotCustom.Rd#L 28   nCategory = 15,...
man/bnpathplotCustom.Rd#L 29   cexLine = 1,...
man/bnpathplotCustom.Rd#L 30   returnNet = FALSE,...
man/bnpathplotCustom.Rd#L 31   dep = NULL,...
man/bnpathplotCustom.Rd#L 32   sizeDep = FALSE,...
man/bnpathplotCustom.Rd#L 33   cellLineName = "5637_URINARY_TRACT",...
man/bnpathplotCustom.Rd#L 34   fontFamily = "sans",...
man/bnpathplotCustom.Rd#L 35   otherVar = NULL,...
man/bnpathplotCustom.Rd#L 36   otherVarName = NULL,...
man/bnpathplotCustom.Rd#L 37   onlyDf = FALSE,...
man/bnpathplotCustom.Rd#L 38   algorithm.args = NULL,...
man/bnpathplotCustom.Rd#L 39   strengthPlot = FALSE,...
man/bnpathplotCustom.Rd#L 40   nStrength = 10,...
man/bnpathplotCustom.Rd#L 41   strThresh = NULL,...
man/bnpathplotCustom.Rd#L 42   hub = NULL,...
man/bnpathplotCustom.Rd#L 43   glowEdgeNum = NULL,...
man/bnpathplotCustom.Rd#L 44   nodePal = c("blue", "red"),...
man/bnpathplotCustom.Rd#L 45   edgePal = c("blue", "red"),...
man/bnpathplotCustom.Rd#L 46   textCol = "black",...
man/bnpathplotCustom.Rd#L 47   backCol = "white",...
man/bnpathplotCustom.Rd#L 48   barTextCol = "black",...
man/bnpathplotCustom.Rd#L 49   barPal = c("red", "blue"),...
man/bnpathplotCustom.Rd#L 50   barBackCol = "white",...
man/bnpathplotCustom.Rd#L 51   scoreType = "bic-g",...
man/bnpathplotCustom.Rd#L 52   barLegendKeyCol = "white",...
man/bnpathplotCustom.Rd#L 53   orgDb = org.Hs.eg.db,...
man/bnpathplotCustom.Rd#L 54   barAxisCol = "black",...
man/bnpathplotCustom.Rd#L 55   barPanelGridCol = "black",...
man/bnpathplotCustom.Rd#L 56   seed = 1,...
man/bnpathplotCustom.Rd#L 57   bypassConverting = FALSE...
man/bnpathtest.Rd#L  8   results,...
man/bnpathtest.Rd#L  9   exp,...
man/bnpathtest.Rd#L 10   expSample = NULL,...
man/bnpathtest.Rd#L 11   algo = "hc",...
man/bnpathtest.Rd#L 12   algorithm.args = NULL,...
man/bnpathtest.Rd#L 13   expRow = "ENSEMBL",...
man/bnpathtest.Rd#L 14   cl = NULL,...
man/bnpathtest.Rd#L 15   orgDb = org.Hs.eg.db,...
man/bnpathtest.Rd#L 16   bypassConverting = FALSE,...
man/bnpathtest.Rd#L 17   qvalueCutOff = 0.05,...
man/bnpathtest.Rd#L 18   adjpCutOff = 0.05,...
man/bnpathtest.Rd#L 19   nCategory = 15,...
man/bnpathtest.Rd#L 20   Rrange = seq(2, 40, 2),...
man/bnpathtest.Rd#L 21   scoreType = "aic-g"...
man/bnpathtest.Rd#L 66        algo="hc", Rrange=seq(10, 30, 10)...
man/bnpathtest.Rd#L 67        scoreType="bge")...
man/CBNplot-package.Rd#L 13                           within the pat...
man/CBNplot-package.Rd#L 15                           which is defin...
man/CBNplot-package.Rd#L 16                           expression val...
man/CBNplot-package.Rd#L 25   \item \url{https://github.com/noriakis...
man/CBNplot-package.Rd#L 26   \item Report bugs at \url{https://gith...
man/queryCpDistLs.Rd#L 32                   pathNum=1, returnNet=T...
man/queryCpDistLs.Rd#L 35               evidences=c("ERCC2<0.1","E...
man/queryCpDistLw.Rd#L  8   fitted,...
man/queryCpDistLw.Rd#L  9   candidate,...
man/queryCpDistLw.Rd#L 10   evidence,...
man/queryCpDistLw.Rd#L 11   levels,...
man/queryCpDistLw.Rd#L 12   point = FALSE,...
man/queryCpDistLw.Rd#L 13   pointSize = 5,...
man/queryCpDistLw.Rd#L 14   alpha = TRUE,...
man/queryCpDistLw.Rd#L 15   ......
man/queryCpDistLw.Rd#L 47                   pathNum=1, returnNet=T...
man/queryCpDistLw.Rd#L 50                      levels=c(0.1, 0.5, ...
vignettes/CBNplot_basic_usage.Rmd#L 29                               colData = ...
vignettes/CBNplot_basic_usage.Rmd#L 30                               design= ~ ...
vignettes/CBNplot_basic_usage.Rmd#L 46   fromType="ENSEMBL", toType="ENTREZID",...
vignettes/CBNplot_basic_usage.Rmd#L 64   expSample = incSample, pathNum = 15)...
vignettes/CBNplot_basic_usage.Rmd#L 70   expSample = incSample, pathNum = 15, r...
vignettes/CBNplot_basic_usage.Rmd#L 80   expSample = incSample, nCategory=10, s...
vignettes/CBNplot_basic_usage.Rmd#L 89   fontFamily="serif", glowEdgeNum=3, hub...
vignettes/CBNplot_basic_usage.Rmd#L 91   pathNum=15, fontFamily="sans", glowEdg...
* Checking if package already exists in CRAN... OK
* Checking for bioc-devel mailing list subscription...
* NOTE: Cannot determine whether maintainer is subscribed to the Bioc-Devel mailing list (requires admin credentials). Subscribe here: https://stat.ethz.ch/mailman/listinfo/bioc-devel
* Checking for support site registration... OK
